2025-04-16 23:05:34 ERROR: A 2D list is expected to the initial_population parameter but a (1-D) list found.
Traceback (most recent call last):
  File "C:\Users\Devon\AppData\Local\Packages\PythonSoftwareFoundation.Python.3.11_qbz5n2kfra8p0\LocalCache\local-packages\Python311\site-packages\pygad\pygad.py", line 444, in __init__
    raise ValueError(f"A 2D list is expected to the initial_population parameter but a ({numpy.array(initial_population).ndim}-D) list found.")
ValueError: A 2D list is expected to the initial_population parameter but a (1-D) list found.
2025-04-16 23:36:51 ERROR: A 2D list is expected to the initial_population parameter but a (1-D) list found.
Traceback (most recent call last):
  File "C:\Users\Devon\AppData\Local\Packages\PythonSoftwareFoundation.Python.3.11_qbz5n2kfra8p0\LocalCache\local-packages\Python311\site-packages\pygad\pygad.py", line 444, in __init__
    raise ValueError(f"A 2D list is expected to the initial_population parameter but a ({numpy.array(initial_population).ndim}-D) list found.")
ValueError: A 2D list is expected to the initial_population parameter but a (1-D) list found.
2025-04-16 23:42:06 ERROR: The number of parents to select for mating (10) cannot be greater than the number of solutions in the population (2) (i.e., num_parents_mating must always be <= sol_per_pop).
Traceback (most recent call last):
  File "C:\Users\Devon\AppData\Local\Packages\PythonSoftwareFoundation.Python.3.11_qbz5n2kfra8p0\LocalCache\local-packages\Python311\site-packages\pygad\pygad.py", line 569, in __init__
    raise ValueError(f"The number of parents to select for mating ({num_parents_mating}) cannot be greater than the number of solutions in the population ({self.sol_per_pop}) (i.e., num_parents_mating must always be <= sol_per_pop).\n")
ValueError: The number of parents to select for mating (10) cannot be greater than the number of solutions in the population (2) (i.e., num_parents_mating must always be <= sol_per_pop).

2025-04-16 23:51:48 ERROR: The number of parents to select for mating (10) cannot be greater than the number of solutions in the population (2) (i.e., num_parents_mating must always be <= sol_per_pop).
Traceback (most recent call last):
  File "C:\Users\Devon\AppData\Local\Packages\PythonSoftwareFoundation.Python.3.11_qbz5n2kfra8p0\LocalCache\local-packages\Python311\site-packages\pygad\pygad.py", line 569, in __init__
    raise ValueError(f"The number of parents to select for mating ({num_parents_mating}) cannot be greater than the number of solutions in the population ({self.sol_per_pop}) (i.e., num_parents_mating must always be <= sol_per_pop).\n")
ValueError: The number of parents to select for mating (10) cannot be greater than the number of solutions in the population (2) (i.e., num_parents_mating must always be <= sol_per_pop).

2025-04-17 14:05:19 ERROR: The number of parents to select for mating (10) cannot be greater than the number of solutions in the population (2) (i.e., num_parents_mating must always be <= sol_per_pop).
Traceback (most recent call last):
  File "C:\Users\Devon\AppData\Local\Packages\PythonSoftwareFoundation.Python.3.11_qbz5n2kfra8p0\LocalCache\local-packages\Python311\site-packages\pygad\pygad.py", line 569, in __init__
    raise ValueError(f"The number of parents to select for mating ({num_parents_mating}) cannot be greater than the number of solutions in the population ({self.sol_per_pop}) (i.e., num_parents_mating must always be <= sol_per_pop).\n")
ValueError: The number of parents to select for mating (10) cannot be greater than the number of solutions in the population (2) (i.e., num_parents_mating must always be <= sol_per_pop).

2025-04-17 14:05:52 ERROR: A 2D list is expected to the initial_population parameter but a (1-D) list found.
Traceback (most recent call last):
  File "C:\Users\Devon\AppData\Local\Packages\PythonSoftwareFoundation.Python.3.11_qbz5n2kfra8p0\LocalCache\local-packages\Python311\site-packages\pygad\pygad.py", line 444, in __init__
    raise ValueError(f"A 2D list is expected to the initial_population parameter but a ({numpy.array(initial_population).ndim}-D) list found.")
ValueError: A 2D list is expected to the initial_population parameter but a (1-D) list found.
2025-04-17 14:59:07 ERROR: A 2D list is expected to the initial_population parameter but a (1-D) list found.
Traceback (most recent call last):
  File "C:\Users\Devon\AppData\Local\Programs\Python\Python313\Lib\site-packages\pygad\pygad.py", line 444, in __init__
    raise ValueError(f"A 2D list is expected to the initial_population parameter but a ({numpy.array(initial_population).ndim}-D) list found.")
ValueError: A 2D list is expected to the initial_population parameter but a (1-D) list found.
2025-04-17 15:04:26 ERROR: A 2D list is expected to the initial_population parameter but a (1-D) list found.
Traceback (most recent call last):
  File "C:\Users\Devon\AppData\Local\Programs\Python\Python313\Lib\site-packages\pygad\pygad.py", line 444, in __init__
    raise ValueError(f"A 2D list is expected to the initial_population parameter but a ({numpy.array(initial_population).ndim}-D) list found.")
ValueError: A 2D list is expected to the initial_population parameter but a (1-D) list found.
2025-04-17 15:05:09 ERROR: The number of parents to select for mating (50) cannot be greater than the number of solutions in the population (1) (i.e., num_parents_mating must always be <= sol_per_pop).
Traceback (most recent call last):
  File "C:\Users\Devon\AppData\Local\Programs\Python\Python313\Lib\site-packages\pygad\pygad.py", line 569, in __init__
    raise ValueError(f"The number of parents to select for mating ({num_parents_mating}) cannot be greater than the number of solutions in the population ({self.sol_per_pop}) (i.e., num_parents_mating must always be <= sol_per_pop).\n")
ValueError: The number of parents to select for mating (50) cannot be greater than the number of solutions in the population (1) (i.e., num_parents_mating must always be <= sol_per_pop).

2025-04-17 15:06:37 ERROR: The number of parents to select for mating (50) cannot be greater than the number of solutions in the population (1) (i.e., num_parents_mating must always be <= sol_per_pop).
Traceback (most recent call last):
  File "C:\Users\Devon\AppData\Local\Programs\Python\Python313\Lib\site-packages\pygad\pygad.py", line 569, in __init__
    raise ValueError(f"The number of parents to select for mating ({num_parents_mating}) cannot be greater than the number of solutions in the population ({self.sol_per_pop}) (i.e., num_parents_mating must always be <= sol_per_pop).\n")
ValueError: The number of parents to select for mating (50) cannot be greater than the number of solutions in the population (1) (i.e., num_parents_mating must always be <= sol_per_pop).

2025-04-17 15:10:42 ERROR: The number of parents to select for mating (50) cannot be greater than the number of solutions in the population (40) (i.e., num_parents_mating must always be <= sol_per_pop).
Traceback (most recent call last):
  File "C:\Users\Devon\AppData\Local\Programs\Python\Python313\Lib\site-packages\pygad\pygad.py", line 569, in __init__
    raise ValueError(f"The number of parents to select for mating ({num_parents_mating}) cannot be greater than the number of solutions in the population ({self.sol_per_pop}) (i.e., num_parents_mating must always be <= sol_per_pop).\n")
ValueError: The number of parents to select for mating (50) cannot be greater than the number of solutions in the population (40) (i.e., num_parents_mating must always be <= sol_per_pop).

2025-04-17 15:11:29 ERROR: 'numpy.float64' object is not iterable
Traceback (most recent call last):
  File "C:\Users\Devon\AppData\Local\Programs\Python\Python313\Lib\site-packages\pygad\pygad.py", line 1697, in cal_pop_fitness
    fitness = self.fitness_func(self, sol, sol_idx)
  File "C:\Users\Devon\OneDrive - Cal Poly\Orbits\MGA\configGA.py", line 90, in <lambda>
    fitness_function = lambda ga_instance, sol, sol_idx: costFunction(ga_instance, sol, sol_idx, muS, muM, rM, earth, mars)
                                                         ~~~~~~~~~~~~^^^^^^^^^^^^^^^^^^^^^^^^^^^^^^^^^^^^^^^^^^^^^^^^^^^^^^
  File "C:\Users\Devon\OneDrive - Cal Poly\Orbits\MGA\Objective.py", line 48, in costFunction
    J = min(J1)
TypeError: 'numpy.float64' object is not iterable
2025-04-17 15:11:29 ERROR: 'numpy.float64' object is not iterable
Traceback (most recent call last):
  File "C:\Users\Devon\AppData\Local\Programs\Python\Python313\Lib\site-packages\pygad\pygad.py", line 1903, in run
    self.last_generation_fitness = self.cal_pop_fitness()
                                   ~~~~~~~~~~~~~~~~~~~~^^
  File "C:\Users\Devon\AppData\Local\Programs\Python\Python313\Lib\site-packages\pygad\pygad.py", line 1860, in cal_pop_fitness
    raise ex
  File "C:\Users\Devon\AppData\Local\Programs\Python\Python313\Lib\site-packages\pygad\pygad.py", line 1697, in cal_pop_fitness
    fitness = self.fitness_func(self, sol, sol_idx)
  File "C:\Users\Devon\OneDrive - Cal Poly\Orbits\MGA\configGA.py", line 90, in <lambda>
    fitness_function = lambda ga_instance, sol, sol_idx: costFunction(ga_instance, sol, sol_idx, muS, muM, rM, earth, mars)
                                                         ~~~~~~~~~~~~^^^^^^^^^^^^^^^^^^^^^^^^^^^^^^^^^^^^^^^^^^^^^^^^^^^^^^
  File "C:\Users\Devon\OneDrive - Cal Poly\Orbits\MGA\Objective.py", line 48, in costFunction
    J = min(J1)
TypeError: 'numpy.float64' object is not iterable
2025-04-17 15:12:08 ERROR: 'numpy.float64' object is not iterable
Traceback (most recent call last):
  File "C:\Users\Devon\AppData\Local\Programs\Python\Python313\Lib\site-packages\pygad\pygad.py", line 1697, in cal_pop_fitness
    fitness = self.fitness_func(self, sol, sol_idx)
  File "C:\Users\Devon\OneDrive - Cal Poly\Orbits\MGA\configGA.py", line 90, in <lambda>
    fitness_function = lambda ga_instance, sol, sol_idx: costFunction(ga_instance, sol, sol_idx, muS, muM, rM, earth, mars)
                                                         ~~~~~~~~~~~~^^^^^^^^^^^^^^^^^^^^^^^^^^^^^^^^^^^^^^^^^^^^^^^^^^^^^^
  File "C:\Users\Devon\OneDrive - Cal Poly\Orbits\MGA\Objective.py", line 48, in costFunction
    J = min(J1)
TypeError: 'numpy.float64' object is not iterable
2025-04-17 15:12:08 ERROR: 'numpy.float64' object is not iterable
Traceback (most recent call last):
  File "C:\Users\Devon\AppData\Local\Programs\Python\Python313\Lib\site-packages\pygad\pygad.py", line 1903, in run
    self.last_generation_fitness = self.cal_pop_fitness()
                                   ~~~~~~~~~~~~~~~~~~~~^^
  File "C:\Users\Devon\AppData\Local\Programs\Python\Python313\Lib\site-packages\pygad\pygad.py", line 1860, in cal_pop_fitness
    raise ex
  File "C:\Users\Devon\AppData\Local\Programs\Python\Python313\Lib\site-packages\pygad\pygad.py", line 1697, in cal_pop_fitness
    fitness = self.fitness_func(self, sol, sol_idx)
  File "C:\Users\Devon\OneDrive - Cal Poly\Orbits\MGA\configGA.py", line 90, in <lambda>
    fitness_function = lambda ga_instance, sol, sol_idx: costFunction(ga_instance, sol, sol_idx, muS, muM, rM, earth, mars)
                                                         ~~~~~~~~~~~~^^^^^^^^^^^^^^^^^^^^^^^^^^^^^^^^^^^^^^^^^^^^^^^^^^^^^^
  File "C:\Users\Devon\OneDrive - Cal Poly\Orbits\MGA\Objective.py", line 48, in costFunction
    J = min(J1)
TypeError: 'numpy.float64' object is not iterable
2025-04-17 15:12:47 ERROR: 'numpy.float64' object is not iterable
Traceback (most recent call last):
  File "C:\Users\Devon\AppData\Local\Programs\Python\Python313\Lib\site-packages\pygad\pygad.py", line 1697, in cal_pop_fitness
    fitness = self.fitness_func(self, sol, sol_idx)
  File "C:\Users\Devon\OneDrive - Cal Poly\Orbits\MGA\configGA.py", line 90, in <lambda>
    fitness_function = lambda ga_instance, sol, sol_idx: costFunction(ga_instance, sol, sol_idx, muS, muM, rM, earth, mars)
                                                         ~~~~~~~~~~~~^^^^^^^^^^^^^^^^^^^^^^^^^^^^^^^^^^^^^^^^^^^^^^^^^^^^^^
  File "C:\Users\Devon\OneDrive - Cal Poly\Orbits\MGA\Objective.py", line 48, in costFunction
    J = min(J1)
TypeError: 'numpy.float64' object is not iterable
2025-04-17 15:12:47 ERROR: 'numpy.float64' object is not iterable
Traceback (most recent call last):
  File "C:\Users\Devon\AppData\Local\Programs\Python\Python313\Lib\site-packages\pygad\pygad.py", line 1903, in run
    self.last_generation_fitness = self.cal_pop_fitness()
                                   ~~~~~~~~~~~~~~~~~~~~^^
  File "C:\Users\Devon\AppData\Local\Programs\Python\Python313\Lib\site-packages\pygad\pygad.py", line 1860, in cal_pop_fitness
    raise ex
  File "C:\Users\Devon\AppData\Local\Programs\Python\Python313\Lib\site-packages\pygad\pygad.py", line 1697, in cal_pop_fitness
    fitness = self.fitness_func(self, sol, sol_idx)
  File "C:\Users\Devon\OneDrive - Cal Poly\Orbits\MGA\configGA.py", line 90, in <lambda>
    fitness_function = lambda ga_instance, sol, sol_idx: costFunction(ga_instance, sol, sol_idx, muS, muM, rM, earth, mars)
                                                         ~~~~~~~~~~~~^^^^^^^^^^^^^^^^^^^^^^^^^^^^^^^^^^^^^^^^^^^^^^^^^^^^^^
  File "C:\Users\Devon\OneDrive - Cal Poly\Orbits\MGA\Objective.py", line 48, in costFunction
    J = min(J1)
TypeError: 'numpy.float64' object is not iterable
2025-04-17 15:14:49 ERROR: 'numpy.float64' object is not iterable
Traceback (most recent call last):
  File "C:\Users\Devon\AppData\Local\Programs\Python\Python313\Lib\site-packages\pygad\pygad.py", line 1697, in cal_pop_fitness
    fitness = self.fitness_func(self, sol, sol_idx)
  File "C:\Users\Devon\OneDrive - Cal Poly\Orbits\MGA\configGA.py", line 90, in <lambda>
    fitness_function = lambda ga_instance, sol, sol_idx: costFunction(ga_instance, sol, sol_idx, muS, muM, rM, earth, mars)
                                                         ~~~~~~~~~~~~^^^^^^^^^^^^^^^^^^^^^^^^^^^^^^^^^^^^^^^^^^^^^^^^^^^^^^
  File "C:\Users\Devon\OneDrive - Cal Poly\Orbits\MGA\Objective.py", line 48, in costFunction
    J = min(J1)
TypeError: 'numpy.float64' object is not iterable
2025-04-17 15:14:49 ERROR: 'numpy.float64' object is not iterable
Traceback (most recent call last):
  File "C:\Users\Devon\AppData\Local\Programs\Python\Python313\Lib\site-packages\pygad\pygad.py", line 1903, in run
    self.last_generation_fitness = self.cal_pop_fitness()
                                   ~~~~~~~~~~~~~~~~~~~~^^
  File "C:\Users\Devon\AppData\Local\Programs\Python\Python313\Lib\site-packages\pygad\pygad.py", line 1860, in cal_pop_fitness
    raise ex
  File "C:\Users\Devon\AppData\Local\Programs\Python\Python313\Lib\site-packages\pygad\pygad.py", line 1697, in cal_pop_fitness
    fitness = self.fitness_func(self, sol, sol_idx)
  File "C:\Users\Devon\OneDrive - Cal Poly\Orbits\MGA\configGA.py", line 90, in <lambda>
    fitness_function = lambda ga_instance, sol, sol_idx: costFunction(ga_instance, sol, sol_idx, muS, muM, rM, earth, mars)
                                                         ~~~~~~~~~~~~^^^^^^^^^^^^^^^^^^^^^^^^^^^^^^^^^^^^^^^^^^^^^^^^^^^^^^
  File "C:\Users\Devon\OneDrive - Cal Poly\Orbits\MGA\Objective.py", line 48, in costFunction
    J = min(J1)
TypeError: 'numpy.float64' object is not iterable
2025-04-17 15:15:34 ERROR: 'numpy.float64' object is not iterable
Traceback (most recent call last):
  File "C:\Users\Devon\AppData\Local\Programs\Python\Python313\Lib\site-packages\pygad\pygad.py", line 1697, in cal_pop_fitness
    fitness = self.fitness_func(self, sol, sol_idx)
  File "C:\Users\Devon\OneDrive - Cal Poly\Orbits\MGA\configGA.py", line 90, in <lambda>
    fitness_function = lambda ga_instance, sol, sol_idx: costFunction(ga_instance, sol, sol_idx, muS, muM, rM, earth, mars)
                                                         ~~~~~~~~~~~~^^^^^^^^^^^^^^^^^^^^^^^^^^^^^^^^^^^^^^^^^^^^^^^^^^^^^^
  File "C:\Users\Devon\OneDrive - Cal Poly\Orbits\MGA\Objective.py", line 48, in costFunction
    J = min(J1)
TypeError: 'numpy.float64' object is not iterable
2025-04-17 15:15:34 ERROR: 'numpy.float64' object is not iterable
Traceback (most recent call last):
  File "C:\Users\Devon\AppData\Local\Programs\Python\Python313\Lib\site-packages\pygad\pygad.py", line 1903, in run
    self.last_generation_fitness = self.cal_pop_fitness()
                                   ~~~~~~~~~~~~~~~~~~~~^^
  File "C:\Users\Devon\AppData\Local\Programs\Python\Python313\Lib\site-packages\pygad\pygad.py", line 1860, in cal_pop_fitness
    raise ex
  File "C:\Users\Devon\AppData\Local\Programs\Python\Python313\Lib\site-packages\pygad\pygad.py", line 1697, in cal_pop_fitness
    fitness = self.fitness_func(self, sol, sol_idx)
  File "C:\Users\Devon\OneDrive - Cal Poly\Orbits\MGA\configGA.py", line 90, in <lambda>
    fitness_function = lambda ga_instance, sol, sol_idx: costFunction(ga_instance, sol, sol_idx, muS, muM, rM, earth, mars)
                                                         ~~~~~~~~~~~~^^^^^^^^^^^^^^^^^^^^^^^^^^^^^^^^^^^^^^^^^^^^^^^^^^^^^^
  File "C:\Users\Devon\OneDrive - Cal Poly\Orbits\MGA\Objective.py", line 48, in costFunction
    J = min(J1)
TypeError: 'numpy.float64' object is not iterable
2025-04-17 15:16:29 ERROR: 'numpy.float64' object is not iterable
Traceback (most recent call last):
  File "C:\Users\Devon\AppData\Local\Programs\Python\Python313\Lib\site-packages\pygad\pygad.py", line 1697, in cal_pop_fitness
    fitness = self.fitness_func(self, sol, sol_idx)
  File "C:\Users\Devon\OneDrive - Cal Poly\Orbits\MGA\configGA.py", line 90, in <lambda>
    fitness_function = lambda ga_instance, sol, sol_idx: costFunction(ga_instance, sol, sol_idx, muS, muM, rM, earth, mars)
                                                         ~~~~~~~~~~~~^^^^^^^^^^^^^^^^^^^^^^^^^^^^^^^^^^^^^^^^^^^^^^^^^^^^^^
  File "C:\Users\Devon\OneDrive - Cal Poly\Orbits\MGA\Objective.py", line 48, in costFunction
    J = min(J1)
TypeError: 'numpy.float64' object is not iterable
2025-04-17 15:16:29 ERROR: 'numpy.float64' object is not iterable
Traceback (most recent call last):
  File "C:\Users\Devon\AppData\Local\Programs\Python\Python313\Lib\site-packages\pygad\pygad.py", line 1903, in run
    self.last_generation_fitness = self.cal_pop_fitness()
                                   ~~~~~~~~~~~~~~~~~~~~^^
  File "C:\Users\Devon\AppData\Local\Programs\Python\Python313\Lib\site-packages\pygad\pygad.py", line 1860, in cal_pop_fitness
    raise ex
  File "C:\Users\Devon\AppData\Local\Programs\Python\Python313\Lib\site-packages\pygad\pygad.py", line 1697, in cal_pop_fitness
    fitness = self.fitness_func(self, sol, sol_idx)
  File "C:\Users\Devon\OneDrive - Cal Poly\Orbits\MGA\configGA.py", line 90, in <lambda>
    fitness_function = lambda ga_instance, sol, sol_idx: costFunction(ga_instance, sol, sol_idx, muS, muM, rM, earth, mars)
                                                         ~~~~~~~~~~~~^^^^^^^^^^^^^^^^^^^^^^^^^^^^^^^^^^^^^^^^^^^^^^^^^^^^^^
  File "C:\Users\Devon\OneDrive - Cal Poly\Orbits\MGA\Objective.py", line 48, in costFunction
    J = min(J1)
TypeError: 'numpy.float64' object is not iterable
2025-04-17 15:17:06 ERROR: 'numpy.float64' object is not iterable
Traceback (most recent call last):
  File "C:\Users\Devon\AppData\Local\Programs\Python\Python313\Lib\site-packages\pygad\pygad.py", line 1697, in cal_pop_fitness
    fitness = self.fitness_func(self, sol, sol_idx)
  File "C:\Users\Devon\OneDrive - Cal Poly\Orbits\MGA\configGA.py", line 90, in <lambda>
    fitness_function = lambda ga_instance, sol, sol_idx: costFunction(ga_instance, sol, sol_idx, muS, muM, rM, earth, mars)
                                                         ~~~~~~~~~~~~^^^^^^^^^^^^^^^^^^^^^^^^^^^^^^^^^^^^^^^^^^^^^^^^^^^^^^
  File "C:\Users\Devon\OneDrive - Cal Poly\Orbits\MGA\Objective.py", line 48, in costFunction
    J = min(J1)
TypeError: 'numpy.float64' object is not iterable
2025-04-17 15:17:06 ERROR: 'numpy.float64' object is not iterable
Traceback (most recent call last):
  File "C:\Users\Devon\AppData\Local\Programs\Python\Python313\Lib\site-packages\pygad\pygad.py", line 1903, in run
    self.last_generation_fitness = self.cal_pop_fitness()
                                   ~~~~~~~~~~~~~~~~~~~~^^
  File "C:\Users\Devon\AppData\Local\Programs\Python\Python313\Lib\site-packages\pygad\pygad.py", line 1860, in cal_pop_fitness
    raise ex
  File "C:\Users\Devon\AppData\Local\Programs\Python\Python313\Lib\site-packages\pygad\pygad.py", line 1697, in cal_pop_fitness
    fitness = self.fitness_func(self, sol, sol_idx)
  File "C:\Users\Devon\OneDrive - Cal Poly\Orbits\MGA\configGA.py", line 90, in <lambda>
    fitness_function = lambda ga_instance, sol, sol_idx: costFunction(ga_instance, sol, sol_idx, muS, muM, rM, earth, mars)
                                                         ~~~~~~~~~~~~^^^^^^^^^^^^^^^^^^^^^^^^^^^^^^^^^^^^^^^^^^^^^^^^^^^^^^
  File "C:\Users\Devon\OneDrive - Cal Poly\Orbits\MGA\Objective.py", line 48, in costFunction
    J = min(J1)
TypeError: 'numpy.float64' object is not iterable
2025-04-17 15:17:28 ERROR: 'numpy.float64' object is not iterable
Traceback (most recent call last):
  File "C:\Users\Devon\AppData\Local\Programs\Python\Python313\Lib\site-packages\pygad\pygad.py", line 1697, in cal_pop_fitness
    fitness = self.fitness_func(self, sol, sol_idx)
  File "C:\Users\Devon\OneDrive - Cal Poly\Orbits\MGA\configGA.py", line 90, in <lambda>
    fitness_function = lambda ga_instance, sol, sol_idx: costFunction(ga_instance, sol, sol_idx, muS, muM, rM, earth, mars)
                                                         ~~~~~~~~~~~~^^^^^^^^^^^^^^^^^^^^^^^^^^^^^^^^^^^^^^^^^^^^^^^^^^^^^^
  File "C:\Users\Devon\OneDrive - Cal Poly\Orbits\MGA\Objective.py", line 48, in costFunction
    J = min(J1)
TypeError: 'numpy.float64' object is not iterable
2025-04-17 15:17:28 ERROR: 'numpy.float64' object is not iterable
Traceback (most recent call last):
  File "C:\Users\Devon\AppData\Local\Programs\Python\Python313\Lib\site-packages\pygad\pygad.py", line 1903, in run
    self.last_generation_fitness = self.cal_pop_fitness()
                                   ~~~~~~~~~~~~~~~~~~~~^^
  File "C:\Users\Devon\AppData\Local\Programs\Python\Python313\Lib\site-packages\pygad\pygad.py", line 1860, in cal_pop_fitness
    raise ex
  File "C:\Users\Devon\AppData\Local\Programs\Python\Python313\Lib\site-packages\pygad\pygad.py", line 1697, in cal_pop_fitness
    fitness = self.fitness_func(self, sol, sol_idx)
  File "C:\Users\Devon\OneDrive - Cal Poly\Orbits\MGA\configGA.py", line 90, in <lambda>
    fitness_function = lambda ga_instance, sol, sol_idx: costFunction(ga_instance, sol, sol_idx, muS, muM, rM, earth, mars)
                                                         ~~~~~~~~~~~~^^^^^^^^^^^^^^^^^^^^^^^^^^^^^^^^^^^^^^^^^^^^^^^^^^^^^^
  File "C:\Users\Devon\OneDrive - Cal Poly\Orbits\MGA\Objective.py", line 48, in costFunction
    J = min(J1)
TypeError: 'numpy.float64' object is not iterable
2025-04-17 15:18:22 ERROR: 'numpy.float64' object is not iterable
Traceback (most recent call last):
  File "C:\Users\Devon\AppData\Local\Programs\Python\Python313\Lib\site-packages\pygad\pygad.py", line 1697, in cal_pop_fitness
    fitness = self.fitness_func(self, sol, sol_idx)
  File "C:\Users\Devon\OneDrive - Cal Poly\Orbits\MGA\configGA.py", line 90, in <lambda>
    fitness_function = lambda ga_instance, sol, sol_idx: costFunction(ga_instance, sol, sol_idx, muS, muM, rM, earth, mars)
                                                         ~~~~~~~~~~~~^^^^^^^^^^^^^^^^^^^^^^^^^^^^^^^^^^^^^^^^^^^^^^^^^^^^^^
  File "C:\Users\Devon\OneDrive - Cal Poly\Orbits\MGA\Objective.py", line 48, in costFunction
    J = min(J1)
TypeError: 'numpy.float64' object is not iterable
2025-04-17 15:18:22 ERROR: 'numpy.float64' object is not iterable
Traceback (most recent call last):
  File "C:\Users\Devon\AppData\Local\Programs\Python\Python313\Lib\site-packages\pygad\pygad.py", line 1903, in run
    self.last_generation_fitness = self.cal_pop_fitness()
                                   ~~~~~~~~~~~~~~~~~~~~^^
  File "C:\Users\Devon\AppData\Local\Programs\Python\Python313\Lib\site-packages\pygad\pygad.py", line 1860, in cal_pop_fitness
    raise ex
  File "C:\Users\Devon\AppData\Local\Programs\Python\Python313\Lib\site-packages\pygad\pygad.py", line 1697, in cal_pop_fitness
    fitness = self.fitness_func(self, sol, sol_idx)
  File "C:\Users\Devon\OneDrive - Cal Poly\Orbits\MGA\configGA.py", line 90, in <lambda>
    fitness_function = lambda ga_instance, sol, sol_idx: costFunction(ga_instance, sol, sol_idx, muS, muM, rM, earth, mars)
                                                         ~~~~~~~~~~~~^^^^^^^^^^^^^^^^^^^^^^^^^^^^^^^^^^^^^^^^^^^^^^^^^^^^^^
  File "C:\Users\Devon\OneDrive - Cal Poly\Orbits\MGA\Objective.py", line 48, in costFunction
    J = min(J1)
TypeError: 'numpy.float64' object is not iterable
2025-04-17 15:19:01 ERROR: 'numpy.float64' object is not iterable
Traceback (most recent call last):
  File "C:\Users\Devon\AppData\Local\Programs\Python\Python313\Lib\site-packages\pygad\pygad.py", line 1697, in cal_pop_fitness
    fitness = self.fitness_func(self, sol, sol_idx)
  File "C:\Users\Devon\OneDrive - Cal Poly\Orbits\MGA\configGA.py", line 90, in <lambda>
    fitness_function = lambda ga_instance, sol, sol_idx: costFunction(ga_instance, sol, sol_idx, muS, muM, rM, earth, mars)
                                                         ~~~~~~~~~~~~^^^^^^^^^^^^^^^^^^^^^^^^^^^^^^^^^^^^^^^^^^^^^^^^^^^^^^
  File "C:\Users\Devon\OneDrive - Cal Poly\Orbits\MGA\Objective.py", line 48, in costFunction
    J = min(J1)
TypeError: 'numpy.float64' object is not iterable
2025-04-17 15:19:01 ERROR: 'numpy.float64' object is not iterable
Traceback (most recent call last):
  File "C:\Users\Devon\AppData\Local\Programs\Python\Python313\Lib\site-packages\pygad\pygad.py", line 1903, in run
    self.last_generation_fitness = self.cal_pop_fitness()
                                   ~~~~~~~~~~~~~~~~~~~~^^
  File "C:\Users\Devon\AppData\Local\Programs\Python\Python313\Lib\site-packages\pygad\pygad.py", line 1860, in cal_pop_fitness
    raise ex
  File "C:\Users\Devon\AppData\Local\Programs\Python\Python313\Lib\site-packages\pygad\pygad.py", line 1697, in cal_pop_fitness
    fitness = self.fitness_func(self, sol, sol_idx)
  File "C:\Users\Devon\OneDrive - Cal Poly\Orbits\MGA\configGA.py", line 90, in <lambda>
    fitness_function = lambda ga_instance, sol, sol_idx: costFunction(ga_instance, sol, sol_idx, muS, muM, rM, earth, mars)
                                                         ~~~~~~~~~~~~^^^^^^^^^^^^^^^^^^^^^^^^^^^^^^^^^^^^^^^^^^^^^^^^^^^^^^
  File "C:\Users\Devon\OneDrive - Cal Poly\Orbits\MGA\Objective.py", line 48, in costFunction
    J = min(J1)
TypeError: 'numpy.float64' object is not iterable
2025-04-17 15:19:25 ERROR: 'numpy.float64' object is not iterable
Traceback (most recent call last):
  File "C:\Users\Devon\AppData\Local\Programs\Python\Python313\Lib\site-packages\pygad\pygad.py", line 1697, in cal_pop_fitness
    fitness = self.fitness_func(self, sol, sol_idx)
  File "C:\Users\Devon\OneDrive - Cal Poly\Orbits\MGA\configGA.py", line 90, in <lambda>
    fitness_function = lambda ga_instance, sol, sol_idx: costFunction(ga_instance, sol, sol_idx, muS, muM, rM, earth, mars)
                                                         ~~~~~~~~~~~~^^^^^^^^^^^^^^^^^^^^^^^^^^^^^^^^^^^^^^^^^^^^^^^^^^^^^^
  File "C:\Users\Devon\OneDrive - Cal Poly\Orbits\MGA\Objective.py", line 48, in costFunction
    J = min(J1)
TypeError: 'numpy.float64' object is not iterable
2025-04-17 15:19:25 ERROR: 'numpy.float64' object is not iterable
Traceback (most recent call last):
  File "C:\Users\Devon\AppData\Local\Programs\Python\Python313\Lib\site-packages\pygad\pygad.py", line 1903, in run
    self.last_generation_fitness = self.cal_pop_fitness()
                                   ~~~~~~~~~~~~~~~~~~~~^^
  File "C:\Users\Devon\AppData\Local\Programs\Python\Python313\Lib\site-packages\pygad\pygad.py", line 1860, in cal_pop_fitness
    raise ex
  File "C:\Users\Devon\AppData\Local\Programs\Python\Python313\Lib\site-packages\pygad\pygad.py", line 1697, in cal_pop_fitness
    fitness = self.fitness_func(self, sol, sol_idx)
  File "C:\Users\Devon\OneDrive - Cal Poly\Orbits\MGA\configGA.py", line 90, in <lambda>
    fitness_function = lambda ga_instance, sol, sol_idx: costFunction(ga_instance, sol, sol_idx, muS, muM, rM, earth, mars)
                                                         ~~~~~~~~~~~~^^^^^^^^^^^^^^^^^^^^^^^^^^^^^^^^^^^^^^^^^^^^^^^^^^^^^^
  File "C:\Users\Devon\OneDrive - Cal Poly\Orbits\MGA\Objective.py", line 48, in costFunction
    J = min(J1)
TypeError: 'numpy.float64' object is not iterable
2025-04-17 15:31:15 ERROR: Undefined mutation type. 
The assigned string value to the 'mutation_type' parameter (none) does not refer to one of the supported mutation types which are: 
-random (for random mutation)
-swap (for swap mutation)
-inversion (for inversion mutation)
-scramble (for scramble mutation)
-adaptive (for adaptive mutation).
Traceback (most recent call last):
  File "C:\Users\Devon\AppData\Local\Programs\Python\Python313\Lib\site-packages\pygad\pygad.py", line 663, in __init__
    raise TypeError(f"Undefined mutation type. \nThe assigned string value to the 'mutation_type' parameter ({mutation_type}) does not refer to one of the supported mutation types which are: \n-random (for random mutation)\n-swap (for swap mutation)\n-inversion (for inversion mutation)\n-scramble (for scramble mutation)\n-adaptive (for adaptive mutation).\n")
TypeError: Undefined mutation type. 
The assigned string value to the 'mutation_type' parameter (none) does not refer to one of the supported mutation types which are: 
-random (for random mutation)
-swap (for swap mutation)
-inversion (for inversion mutation)
-scramble (for scramble mutation)
-adaptive (for adaptive mutation).

2025-04-17 15:37:58 ERROR: Invalid nrev argument. Looking for type 'int'.
Traceback (most recent call last):
  File "C:\Users\Devon\AppData\Local\Programs\Python\Python313\Lib\site-packages\pygad\pygad.py", line 1697, in cal_pop_fitness
    fitness = self.fitness_func(self, sol, sol_idx)
  File "C:\Users\Devon\OneDrive - Cal Poly\Orbits\MGA\configGA.py", line 90, in <lambda>
    fitness_function = lambda ga_instance, sol, sol_idx: costFunction(ga_instance, sol, sol_idx, muS, muM, rM, earth, mars)
                                                         ~~~~~~~~~~~~^^^^^^^^^^^^^^^^^^^^^^^^^^^^^^^^^^^^^^^^^^^^^^^^^^^^^^
  File "C:\Users\Devon\OneDrive - Cal Poly\Orbits\MGA\Objective.py", line 38, in costFunction
    vEarthDept, vMarsArv, exitflag = LambertIzzo(muS, earthPosition, marsPosition, leg1TOF, 1)
                                     ~~~~~~~~~~~^^^^^^^^^^^^^^^^^^^^^^^^^^^^^^^^^^^^^^^^^^^^^^
  File "C:\Users\Devon\OneDrive - Cal Poly\Orbits\MGA\lambert.py", line 177, in LambertIzzo
    vel1, vel2, exitflag = LambertLancasterBlanchard(mu, r1vec*r1, r2vec*r1, longway*tf*T, leftbranch*m, solverTol)
                           ~~~~~~~~~~~~~~~~~~~~~~~~~^^^^^^^^^^^^^^^^^^^^^^^^^^^^^^^^^^^^^^^^^^^^^^^^^^^^^^^^^^^^^^^
  File "C:\Users\Devon\OneDrive - Cal Poly\Orbits\MGA\lambert.py", line 269, in LambertLancasterBlanchard
    raise TypeError(f"Invalid nrev argument. Looking for type 'int'.")
TypeError: Invalid nrev argument. Looking for type 'int'.
2025-04-17 15:37:58 ERROR: Invalid nrev argument. Looking for type 'int'.
Traceback (most recent call last):
  File "C:\Users\Devon\AppData\Local\Programs\Python\Python313\Lib\site-packages\pygad\pygad.py", line 1903, in run
    self.last_generation_fitness = self.cal_pop_fitness()
                                   ~~~~~~~~~~~~~~~~~~~~^^
  File "C:\Users\Devon\AppData\Local\Programs\Python\Python313\Lib\site-packages\pygad\pygad.py", line 1860, in cal_pop_fitness
    raise ex
  File "C:\Users\Devon\AppData\Local\Programs\Python\Python313\Lib\site-packages\pygad\pygad.py", line 1697, in cal_pop_fitness
    fitness = self.fitness_func(self, sol, sol_idx)
  File "C:\Users\Devon\OneDrive - Cal Poly\Orbits\MGA\configGA.py", line 90, in <lambda>
    fitness_function = lambda ga_instance, sol, sol_idx: costFunction(ga_instance, sol, sol_idx, muS, muM, rM, earth, mars)
                                                         ~~~~~~~~~~~~^^^^^^^^^^^^^^^^^^^^^^^^^^^^^^^^^^^^^^^^^^^^^^^^^^^^^^
  File "C:\Users\Devon\OneDrive - Cal Poly\Orbits\MGA\Objective.py", line 38, in costFunction
    vEarthDept, vMarsArv, exitflag = LambertIzzo(muS, earthPosition, marsPosition, leg1TOF, 1)
                                     ~~~~~~~~~~~^^^^^^^^^^^^^^^^^^^^^^^^^^^^^^^^^^^^^^^^^^^^^^
  File "C:\Users\Devon\OneDrive - Cal Poly\Orbits\MGA\lambert.py", line 177, in LambertIzzo
    vel1, vel2, exitflag = LambertLancasterBlanchard(mu, r1vec*r1, r2vec*r1, longway*tf*T, leftbranch*m, solverTol)
                           ~~~~~~~~~~~~~~~~~~~~~~~~~^^^^^^^^^^^^^^^^^^^^^^^^^^^^^^^^^^^^^^^^^^^^^^^^^^^^^^^^^^^^^^^
  File "C:\Users\Devon\OneDrive - Cal Poly\Orbits\MGA\lambert.py", line 269, in LambertLancasterBlanchard
    raise TypeError(f"Invalid nrev argument. Looking for type 'int'.")
TypeError: Invalid nrev argument. Looking for type 'int'.
2025-04-17 15:38:59 ERROR: Invalid nrev argument. Looking for type 'int'.
Traceback (most recent call last):
  File "C:\Users\Devon\AppData\Local\Programs\Python\Python313\Lib\site-packages\pygad\pygad.py", line 1697, in cal_pop_fitness
    fitness = self.fitness_func(self, sol, sol_idx)
  File "C:\Users\Devon\OneDrive - Cal Poly\Orbits\MGA\configGA.py", line 90, in <lambda>
    fitness_function = lambda ga_instance, sol, sol_idx: costFunction(ga_instance, sol, sol_idx, muS, muM, rM, earth, mars)
                                                         ~~~~~~~~~~~~^^^^^^^^^^^^^^^^^^^^^^^^^^^^^^^^^^^^^^^^^^^^^^^^^^^^^^
  File "C:\Users\Devon\OneDrive - Cal Poly\Orbits\MGA\Objective.py", line 38, in costFunction
    vEarthDept, vMarsArv, exitflag = LambertIzzo(muS, earthPosition, marsPosition, leg1TOF, int(1))
                                     ~~~~~~~~~~~^^^^^^^^^^^^^^^^^^^^^^^^^^^^^^^^^^^^^^^^^^^^^^^^^^^
  File "C:\Users\Devon\OneDrive - Cal Poly\Orbits\MGA\lambert.py", line 177, in LambertIzzo
    vel1, vel2, exitflag = LambertLancasterBlanchard(mu, r1vec*r1, r2vec*r1, longway*tf*T, leftbranch*m, solverTol)
                           ~~~~~~~~~~~~~~~~~~~~~~~~~^^^^^^^^^^^^^^^^^^^^^^^^^^^^^^^^^^^^^^^^^^^^^^^^^^^^^^^^^^^^^^^
  File "C:\Users\Devon\OneDrive - Cal Poly\Orbits\MGA\lambert.py", line 269, in LambertLancasterBlanchard
    raise TypeError(f"Invalid nrev argument. Looking for type 'int'.")
TypeError: Invalid nrev argument. Looking for type 'int'.
2025-04-17 15:38:59 ERROR: Invalid nrev argument. Looking for type 'int'.
Traceback (most recent call last):
  File "C:\Users\Devon\AppData\Local\Programs\Python\Python313\Lib\site-packages\pygad\pygad.py", line 1903, in run
    self.last_generation_fitness = self.cal_pop_fitness()
                                   ~~~~~~~~~~~~~~~~~~~~^^
  File "C:\Users\Devon\AppData\Local\Programs\Python\Python313\Lib\site-packages\pygad\pygad.py", line 1860, in cal_pop_fitness
    raise ex
  File "C:\Users\Devon\AppData\Local\Programs\Python\Python313\Lib\site-packages\pygad\pygad.py", line 1697, in cal_pop_fitness
    fitness = self.fitness_func(self, sol, sol_idx)
  File "C:\Users\Devon\OneDrive - Cal Poly\Orbits\MGA\configGA.py", line 90, in <lambda>
    fitness_function = lambda ga_instance, sol, sol_idx: costFunction(ga_instance, sol, sol_idx, muS, muM, rM, earth, mars)
                                                         ~~~~~~~~~~~~^^^^^^^^^^^^^^^^^^^^^^^^^^^^^^^^^^^^^^^^^^^^^^^^^^^^^^
  File "C:\Users\Devon\OneDrive - Cal Poly\Orbits\MGA\Objective.py", line 38, in costFunction
    vEarthDept, vMarsArv, exitflag = LambertIzzo(muS, earthPosition, marsPosition, leg1TOF, int(1))
                                     ~~~~~~~~~~~^^^^^^^^^^^^^^^^^^^^^^^^^^^^^^^^^^^^^^^^^^^^^^^^^^^
  File "C:\Users\Devon\OneDrive - Cal Poly\Orbits\MGA\lambert.py", line 177, in LambertIzzo
    vel1, vel2, exitflag = LambertLancasterBlanchard(mu, r1vec*r1, r2vec*r1, longway*tf*T, leftbranch*m, solverTol)
                           ~~~~~~~~~~~~~~~~~~~~~~~~~^^^^^^^^^^^^^^^^^^^^^^^^^^^^^^^^^^^^^^^^^^^^^^^^^^^^^^^^^^^^^^^
  File "C:\Users\Devon\OneDrive - Cal Poly\Orbits\MGA\lambert.py", line 269, in LambertLancasterBlanchard
    raise TypeError(f"Invalid nrev argument. Looking for type 'int'.")
TypeError: Invalid nrev argument. Looking for type 'int'.
2025-04-17 15:40:13 ERROR: Invalid nrev argument. Looking for type 'int'.
Traceback (most recent call last):
  File "C:\Users\Devon\AppData\Local\Programs\Python\Python313\Lib\site-packages\pygad\pygad.py", line 1697, in cal_pop_fitness
    fitness = self.fitness_func(self, sol, sol_idx)
  File "C:\Users\Devon\OneDrive - Cal Poly\Orbits\MGA\configGA.py", line 90, in <lambda>
    fitness_function = lambda ga_instance, sol, sol_idx: costFunction(ga_instance, sol, sol_idx, muS, muM, rM, earth, mars)
                                                         ~~~~~~~~~~~~^^^^^^^^^^^^^^^^^^^^^^^^^^^^^^^^^^^^^^^^^^^^^^^^^^^^^^
  File "C:\Users\Devon\OneDrive - Cal Poly\Orbits\MGA\Objective.py", line 38, in costFunction
    vEarthDept, vMarsArv, exitflag = LambertIzzo(muS, earthPosition, marsPosition, leg1TOF, 1)
                                     ~~~~~~~~~~~^^^^^^^^^^^^^^^^^^^^^^^^^^^^^^^^^^^^^^^^^^^^^^
  File "C:\Users\Devon\OneDrive - Cal Poly\Orbits\MGA\lambert.py", line 177, in LambertIzzo
    vel1, vel2, exitflag = LambertLancasterBlanchard(mu, r1vec*r1, r2vec*r1, longway*tf*T, leftbranch*m, solverTol)
                           ~~~~~~~~~~~~~~~~~~~~~~~~~^^^^^^^^^^^^^^^^^^^^^^^^^^^^^^^^^^^^^^^^^^^^^^^^^^^^^^^^^^^^^^^
  File "C:\Users\Devon\OneDrive - Cal Poly\Orbits\MGA\lambert.py", line 269, in LambertLancasterBlanchard
    raise TypeError(f"Invalid nrev argument. Looking for type 'int'.")
TypeError: Invalid nrev argument. Looking for type 'int'.
2025-04-17 15:40:13 ERROR: Invalid nrev argument. Looking for type 'int'.
Traceback (most recent call last):
  File "C:\Users\Devon\AppData\Local\Programs\Python\Python313\Lib\site-packages\pygad\pygad.py", line 1903, in run
    self.last_generation_fitness = self.cal_pop_fitness()
                                   ~~~~~~~~~~~~~~~~~~~~^^
  File "C:\Users\Devon\AppData\Local\Programs\Python\Python313\Lib\site-packages\pygad\pygad.py", line 1860, in cal_pop_fitness
    raise ex
  File "C:\Users\Devon\AppData\Local\Programs\Python\Python313\Lib\site-packages\pygad\pygad.py", line 1697, in cal_pop_fitness
    fitness = self.fitness_func(self, sol, sol_idx)
  File "C:\Users\Devon\OneDrive - Cal Poly\Orbits\MGA\configGA.py", line 90, in <lambda>
    fitness_function = lambda ga_instance, sol, sol_idx: costFunction(ga_instance, sol, sol_idx, muS, muM, rM, earth, mars)
                                                         ~~~~~~~~~~~~^^^^^^^^^^^^^^^^^^^^^^^^^^^^^^^^^^^^^^^^^^^^^^^^^^^^^^
  File "C:\Users\Devon\OneDrive - Cal Poly\Orbits\MGA\Objective.py", line 38, in costFunction
    vEarthDept, vMarsArv, exitflag = LambertIzzo(muS, earthPosition, marsPosition, leg1TOF, 1)
                                     ~~~~~~~~~~~^^^^^^^^^^^^^^^^^^^^^^^^^^^^^^^^^^^^^^^^^^^^^^
  File "C:\Users\Devon\OneDrive - Cal Poly\Orbits\MGA\lambert.py", line 177, in LambertIzzo
    vel1, vel2, exitflag = LambertLancasterBlanchard(mu, r1vec*r1, r2vec*r1, longway*tf*T, leftbranch*m, solverTol)
                           ~~~~~~~~~~~~~~~~~~~~~~~~~^^^^^^^^^^^^^^^^^^^^^^^^^^^^^^^^^^^^^^^^^^^^^^^^^^^^^^^^^^^^^^^
  File "C:\Users\Devon\OneDrive - Cal Poly\Orbits\MGA\lambert.py", line 269, in LambertLancasterBlanchard
    raise TypeError(f"Invalid nrev argument. Looking for type 'int'.")
TypeError: Invalid nrev argument. Looking for type 'int'.
2025-04-17 22:42:06 ERROR: The number of parents to select for mating (100) cannot be greater than the number of solutions in the population (40) (i.e., num_parents_mating must always be <= sol_per_pop).
Traceback (most recent call last):
  File "C:\Users\Devon\AppData\Local\Packages\PythonSoftwareFoundation.Python.3.11_qbz5n2kfra8p0\LocalCache\local-packages\Python311\site-packages\pygad\pygad.py", line 569, in __init__
    raise ValueError(f"The number of parents to select for mating ({num_parents_mating}) cannot be greater than the number of solutions in the population ({self.sol_per_pop}) (i.e., num_parents_mating must always be <= sol_per_pop).\n")
ValueError: The number of parents to select for mating (100) cannot be greater than the number of solutions in the population (40) (i.e., num_parents_mating must always be <= sol_per_pop).

2025-04-18 14:33:04 ERROR: Invalid nrev argument. Looking for type 'int'.
Traceback (most recent call last):
  File "C:\Users\Devon\AppData\Local\Programs\Python\Python313\Lib\site-packages\pygad\pygad.py", line 1697, in cal_pop_fitness
    fitness = self.fitness_func(self, sol, sol_idx)
  File "c:\Users\Devon\Desktop\folder\School\Aero\Orbits\MGA\configGA.py", line 90, in <lambda>
    fitness_function = lambda ga_instance, sol, sol_idx: costFunction(ga_instance, sol, sol_idx, muS, muM, rM, earth, mars)
                                                         ~~~~~~~~~~~~^^^^^^^^^^^^^^^^^^^^^^^^^^^^^^^^^^^^^^^^^^^^^^^^^^^^^^
  File "c:\Users\Devon\Desktop\folder\School\Aero\Orbits\MGA\Objective.py", line 38, in costFunction
    vEarthDept, vMarsArv, exitflag = LambertIzzo(muS, earthPosition, marsPosition, leg1TOF, int(1))
                                     ~~~~~~~~~~~^^^^^^^^^^^^^^^^^^^^^^^^^^^^^^^^^^^^^^^^^^^^^^^^^^^
  File "c:\Users\Devon\Desktop\folder\School\Aero\Orbits\MGA\lambert.py", line 177, in LambertIzzo
    vel1, vel2, exitflag = LambertLancasterBlanchard(mu, r1vec*r1, r2vec*r1, longway*tf*T, leftbranch*m, solverTol)
                           ~~~~~~~~~~~~~~~~~~~~~~~~~^^^^^^^^^^^^^^^^^^^^^^^^^^^^^^^^^^^^^^^^^^^^^^^^^^^^^^^^^^^^^^^
  File "c:\Users\Devon\Desktop\folder\School\Aero\Orbits\MGA\lambert.py", line 269, in LambertLancasterBlanchard
    raise TypeError(f"Invalid nrev argument. Looking for type 'int'.")
TypeError: Invalid nrev argument. Looking for type 'int'.
2025-04-18 14:33:04 ERROR: Invalid nrev argument. Looking for type 'int'.
Traceback (most recent call last):
  File "C:\Users\Devon\AppData\Local\Programs\Python\Python313\Lib\site-packages\pygad\pygad.py", line 1903, in run
    self.last_generation_fitness = self.cal_pop_fitness()
                                   ~~~~~~~~~~~~~~~~~~~~^^
  File "C:\Users\Devon\AppData\Local\Programs\Python\Python313\Lib\site-packages\pygad\pygad.py", line 1860, in cal_pop_fitness
    raise ex
  File "C:\Users\Devon\AppData\Local\Programs\Python\Python313\Lib\site-packages\pygad\pygad.py", line 1697, in cal_pop_fitness
    fitness = self.fitness_func(self, sol, sol_idx)
  File "c:\Users\Devon\Desktop\folder\School\Aero\Orbits\MGA\configGA.py", line 90, in <lambda>
    fitness_function = lambda ga_instance, sol, sol_idx: costFunction(ga_instance, sol, sol_idx, muS, muM, rM, earth, mars)
                                                         ~~~~~~~~~~~~^^^^^^^^^^^^^^^^^^^^^^^^^^^^^^^^^^^^^^^^^^^^^^^^^^^^^^
  File "c:\Users\Devon\Desktop\folder\School\Aero\Orbits\MGA\Objective.py", line 38, in costFunction
    vEarthDept, vMarsArv, exitflag = LambertIzzo(muS, earthPosition, marsPosition, leg1TOF, int(1))
                                     ~~~~~~~~~~~^^^^^^^^^^^^^^^^^^^^^^^^^^^^^^^^^^^^^^^^^^^^^^^^^^^
  File "c:\Users\Devon\Desktop\folder\School\Aero\Orbits\MGA\lambert.py", line 177, in LambertIzzo
    vel1, vel2, exitflag = LambertLancasterBlanchard(mu, r1vec*r1, r2vec*r1, longway*tf*T, leftbranch*m, solverTol)
                           ~~~~~~~~~~~~~~~~~~~~~~~~~^^^^^^^^^^^^^^^^^^^^^^^^^^^^^^^^^^^^^^^^^^^^^^^^^^^^^^^^^^^^^^^
  File "c:\Users\Devon\Desktop\folder\School\Aero\Orbits\MGA\lambert.py", line 269, in LambertLancasterBlanchard
    raise TypeError(f"Invalid nrev argument. Looking for type 'int'.")
TypeError: Invalid nrev argument. Looking for type 'int'.
2025-04-18 14:33:53 ERROR: Invalid nrev argument. Looking for type 'int'.
Traceback (most recent call last):
  File "C:\Users\Devon\AppData\Local\Programs\Python\Python313\Lib\site-packages\pygad\pygad.py", line 1697, in cal_pop_fitness
    fitness = self.fitness_func(self, sol, sol_idx)
  File "c:\Users\Devon\Desktop\folder\School\Aero\Orbits\MGA\configGA.py", line 90, in <lambda>
    fitness_function = lambda ga_instance, sol, sol_idx: costFunction(ga_instance, sol, sol_idx, muS, muM, rM, earth, mars)
                                                         ~~~~~~~~~~~~^^^^^^^^^^^^^^^^^^^^^^^^^^^^^^^^^^^^^^^^^^^^^^^^^^^^^^
  File "c:\Users\Devon\Desktop\folder\School\Aero\Orbits\MGA\Objective.py", line 38, in costFunction
    vEarthDept, vMarsArv, exitflag = LambertIzzo(muS, earthPosition, marsPosition, leg1TOF, int(1))
                                     ~~~~~~~~~~~^^^^^^^^^^^^^^^^^^^^^^^^^^^^^^^^^^^^^^^^^^^^^^^^^^^
  File "c:\Users\Devon\Desktop\folder\School\Aero\Orbits\MGA\lambert.py", line 177, in LambertIzzo
    vel1, vel2, exitflag = LambertLancasterBlanchard(mu, r1vec*r1, r2vec*r1, longway*tf*T, leftbranch*m, solverTol)
                           ~~~~~~~~~~~~~~~~~~~~~~~~~^^^^^^^^^^^^^^^^^^^^^^^^^^^^^^^^^^^^^^^^^^^^^^^^^^^^^^^^^^^^^^^
  File "c:\Users\Devon\Desktop\folder\School\Aero\Orbits\MGA\lambert.py", line 269, in LambertLancasterBlanchard
    raise TypeError(f"Invalid nrev argument. Looking for type 'int'.")
TypeError: Invalid nrev argument. Looking for type 'int'.
2025-04-18 14:33:53 ERROR: Invalid nrev argument. Looking for type 'int'.
Traceback (most recent call last):
  File "C:\Users\Devon\AppData\Local\Programs\Python\Python313\Lib\site-packages\pygad\pygad.py", line 1903, in run
    self.last_generation_fitness = self.cal_pop_fitness()
                                   ~~~~~~~~~~~~~~~~~~~~^^
  File "C:\Users\Devon\AppData\Local\Programs\Python\Python313\Lib\site-packages\pygad\pygad.py", line 1860, in cal_pop_fitness
    raise ex
  File "C:\Users\Devon\AppData\Local\Programs\Python\Python313\Lib\site-packages\pygad\pygad.py", line 1697, in cal_pop_fitness
    fitness = self.fitness_func(self, sol, sol_idx)
  File "c:\Users\Devon\Desktop\folder\School\Aero\Orbits\MGA\configGA.py", line 90, in <lambda>
    fitness_function = lambda ga_instance, sol, sol_idx: costFunction(ga_instance, sol, sol_idx, muS, muM, rM, earth, mars)
                                                         ~~~~~~~~~~~~^^^^^^^^^^^^^^^^^^^^^^^^^^^^^^^^^^^^^^^^^^^^^^^^^^^^^^
  File "c:\Users\Devon\Desktop\folder\School\Aero\Orbits\MGA\Objective.py", line 38, in costFunction
    vEarthDept, vMarsArv, exitflag = LambertIzzo(muS, earthPosition, marsPosition, leg1TOF, int(1))
                                     ~~~~~~~~~~~^^^^^^^^^^^^^^^^^^^^^^^^^^^^^^^^^^^^^^^^^^^^^^^^^^^
  File "c:\Users\Devon\Desktop\folder\School\Aero\Orbits\MGA\lambert.py", line 177, in LambertIzzo
    vel1, vel2, exitflag = LambertLancasterBlanchard(mu, r1vec*r1, r2vec*r1, longway*tf*T, leftbranch*m, solverTol)
                           ~~~~~~~~~~~~~~~~~~~~~~~~~^^^^^^^^^^^^^^^^^^^^^^^^^^^^^^^^^^^^^^^^^^^^^^^^^^^^^^^^^^^^^^^
  File "c:\Users\Devon\Desktop\folder\School\Aero\Orbits\MGA\lambert.py", line 269, in LambertLancasterBlanchard
    raise TypeError(f"Invalid nrev argument. Looking for type 'int'.")
TypeError: Invalid nrev argument. Looking for type 'int'.
2025-04-18 14:38:27 ERROR: Invalid nrev argument. Looking for type 'int'.
Traceback (most recent call last):
  File "C:\Users\Devon\AppData\Local\Programs\Python\Python313\Lib\site-packages\pygad\pygad.py", line 1697, in cal_pop_fitness
    fitness = self.fitness_func(self, sol, sol_idx)
  File "c:\Users\Devon\Desktop\folder\School\Aero\Orbits\MGA\configGA.py", line 90, in <lambda>
    fitness_function = lambda ga_instance, sol, sol_idx: costFunction(ga_instance, sol, sol_idx, muS, muM, rM, earth, mars)
                                                         ~~~~~~~~~~~~^^^^^^^^^^^^^^^^^^^^^^^^^^^^^^^^^^^^^^^^^^^^^^^^^^^^^^
  File "c:\Users\Devon\Desktop\folder\School\Aero\Orbits\MGA\Objective.py", line 38, in costFunction
    vEarthDept, vMarsArv, exitflag = LambertIzzo(muS, earthPosition, marsPosition, leg1TOF, int("1"))
                                     ~~~~~~~~~~~^^^^^^^^^^^^^^^^^^^^^^^^^^^^^^^^^^^^^^^^^^^^^^^^^^^^^
  File "c:\Users\Devon\Desktop\folder\School\Aero\Orbits\MGA\lambert.py", line 177, in LambertIzzo
    vel1, vel2, exitflag = LambertLancasterBlanchard(mu, r1vec*r1, r2vec*r1, longway*tf*T, leftbranch*m, solverTol)
                           ~~~~~~~~~~~~~~~~~~~~~~~~~^^^^^^^^^^^^^^^^^^^^^^^^^^^^^^^^^^^^^^^^^^^^^^^^^^^^^^^^^^^^^^^
  File "c:\Users\Devon\Desktop\folder\School\Aero\Orbits\MGA\lambert.py", line 269, in LambertLancasterBlanchard
    raise TypeError(f"Invalid nrev argument. Looking for type 'int'.")
TypeError: Invalid nrev argument. Looking for type 'int'.
2025-04-18 14:38:27 ERROR: Invalid nrev argument. Looking for type 'int'.
Traceback (most recent call last):
  File "C:\Users\Devon\AppData\Local\Programs\Python\Python313\Lib\site-packages\pygad\pygad.py", line 1903, in run
    self.last_generation_fitness = self.cal_pop_fitness()
                                   ~~~~~~~~~~~~~~~~~~~~^^
  File "C:\Users\Devon\AppData\Local\Programs\Python\Python313\Lib\site-packages\pygad\pygad.py", line 1860, in cal_pop_fitness
    raise ex
  File "C:\Users\Devon\AppData\Local\Programs\Python\Python313\Lib\site-packages\pygad\pygad.py", line 1697, in cal_pop_fitness
    fitness = self.fitness_func(self, sol, sol_idx)
  File "c:\Users\Devon\Desktop\folder\School\Aero\Orbits\MGA\configGA.py", line 90, in <lambda>
    fitness_function = lambda ga_instance, sol, sol_idx: costFunction(ga_instance, sol, sol_idx, muS, muM, rM, earth, mars)
                                                         ~~~~~~~~~~~~^^^^^^^^^^^^^^^^^^^^^^^^^^^^^^^^^^^^^^^^^^^^^^^^^^^^^^
  File "c:\Users\Devon\Desktop\folder\School\Aero\Orbits\MGA\Objective.py", line 38, in costFunction
    vEarthDept, vMarsArv, exitflag = LambertIzzo(muS, earthPosition, marsPosition, leg1TOF, int("1"))
                                     ~~~~~~~~~~~^^^^^^^^^^^^^^^^^^^^^^^^^^^^^^^^^^^^^^^^^^^^^^^^^^^^^
  File "c:\Users\Devon\Desktop\folder\School\Aero\Orbits\MGA\lambert.py", line 177, in LambertIzzo
    vel1, vel2, exitflag = LambertLancasterBlanchard(mu, r1vec*r1, r2vec*r1, longway*tf*T, leftbranch*m, solverTol)
                           ~~~~~~~~~~~~~~~~~~~~~~~~~^^^^^^^^^^^^^^^^^^^^^^^^^^^^^^^^^^^^^^^^^^^^^^^^^^^^^^^^^^^^^^^
  File "c:\Users\Devon\Desktop\folder\School\Aero\Orbits\MGA\lambert.py", line 269, in LambertLancasterBlanchard
    raise TypeError(f"Invalid nrev argument. Looking for type 'int'.")
TypeError: Invalid nrev argument. Looking for type 'int'.
2025-04-18 14:38:57 ERROR: Invalid nrev argument. Looking for type 'int'.
Traceback (most recent call last):
  File "C:\Users\Devon\AppData\Local\Programs\Python\Python313\Lib\site-packages\pygad\pygad.py", line 1697, in cal_pop_fitness
    fitness = self.fitness_func(self, sol, sol_idx)
  File "c:\Users\Devon\Desktop\folder\School\Aero\Orbits\MGA\configGA.py", line 90, in <lambda>
    fitness_function = lambda ga_instance, sol, sol_idx: costFunction(ga_instance, sol, sol_idx, muS, muM, rM, earth, mars)
                                                         ~~~~~~~~~~~~^^^^^^^^^^^^^^^^^^^^^^^^^^^^^^^^^^^^^^^^^^^^^^^^^^^^^^
  File "c:\Users\Devon\Desktop\folder\School\Aero\Orbits\MGA\Objective.py", line 38, in costFunction
    vEarthDept, vMarsArv, exitflag = LambertIzzo(muS, earthPosition, marsPosition, leg1TOF, int("1"))
                                     ~~~~~~~~~~~^^^^^^^^^^^^^^^^^^^^^^^^^^^^^^^^^^^^^^^^^^^^^^^^^^^^^
  File "c:\Users\Devon\Desktop\folder\School\Aero\Orbits\MGA\lambert.py", line 177, in LambertIzzo
    vel1, vel2, exitflag = LambertLancasterBlanchard(mu, r1vec*r1, r2vec*r1, longway*tf*T, leftbranch*m, solverTol)
                           ~~~~~~~~~~~~~~~~~~~~~~~~~^^^^^^^^^^^^^^^^^^^^^^^^^^^^^^^^^^^^^^^^^^^^^^^^^^^^^^^^^^^^^^^
  File "c:\Users\Devon\Desktop\folder\School\Aero\Orbits\MGA\lambert.py", line 269, in LambertLancasterBlanchard
    raise TypeError(f"Invalid nrev argument. Looking for type 'int'.")
TypeError: Invalid nrev argument. Looking for type 'int'.
2025-04-18 14:38:57 ERROR: Invalid nrev argument. Looking for type 'int'.
Traceback (most recent call last):
  File "C:\Users\Devon\AppData\Local\Programs\Python\Python313\Lib\site-packages\pygad\pygad.py", line 1903, in run
    self.last_generation_fitness = self.cal_pop_fitness()
                                   ~~~~~~~~~~~~~~~~~~~~^^
  File "C:\Users\Devon\AppData\Local\Programs\Python\Python313\Lib\site-packages\pygad\pygad.py", line 1860, in cal_pop_fitness
    raise ex
  File "C:\Users\Devon\AppData\Local\Programs\Python\Python313\Lib\site-packages\pygad\pygad.py", line 1697, in cal_pop_fitness
    fitness = self.fitness_func(self, sol, sol_idx)
  File "c:\Users\Devon\Desktop\folder\School\Aero\Orbits\MGA\configGA.py", line 90, in <lambda>
    fitness_function = lambda ga_instance, sol, sol_idx: costFunction(ga_instance, sol, sol_idx, muS, muM, rM, earth, mars)
                                                         ~~~~~~~~~~~~^^^^^^^^^^^^^^^^^^^^^^^^^^^^^^^^^^^^^^^^^^^^^^^^^^^^^^
  File "c:\Users\Devon\Desktop\folder\School\Aero\Orbits\MGA\Objective.py", line 38, in costFunction
    vEarthDept, vMarsArv, exitflag = LambertIzzo(muS, earthPosition, marsPosition, leg1TOF, int("1"))
                                     ~~~~~~~~~~~^^^^^^^^^^^^^^^^^^^^^^^^^^^^^^^^^^^^^^^^^^^^^^^^^^^^^
  File "c:\Users\Devon\Desktop\folder\School\Aero\Orbits\MGA\lambert.py", line 177, in LambertIzzo
    vel1, vel2, exitflag = LambertLancasterBlanchard(mu, r1vec*r1, r2vec*r1, longway*tf*T, leftbranch*m, solverTol)
                           ~~~~~~~~~~~~~~~~~~~~~~~~~^^^^^^^^^^^^^^^^^^^^^^^^^^^^^^^^^^^^^^^^^^^^^^^^^^^^^^^^^^^^^^^
  File "c:\Users\Devon\Desktop\folder\School\Aero\Orbits\MGA\lambert.py", line 269, in LambertLancasterBlanchard
    raise TypeError(f"Invalid nrev argument. Looking for type 'int'.")
TypeError: Invalid nrev argument. Looking for type 'int'.
2025-04-24 11:20:36 ERROR: Invalid nrev argument. Looking for type 'int'.
Traceback (most recent call last):
  File "C:\Users\Devon\AppData\Local\Programs\Python\Python313\Lib\site-packages\pygad\pygad.py", line 1697, in cal_pop_fitness
    fitness = self.fitness_func(self, sol, sol_idx)
  File "c:\Users\Devon\Desktop\folder\School\Aero\Orbits\MGA\configGA.py", line 90, in <lambda>
    fitness_function = lambda ga_instance, sol, sol_idx: costFunction(ga_instance, sol, sol_idx, muS, muM, rM, earth, mars)
                                                         ~~~~~~~~~~~~^^^^^^^^^^^^^^^^^^^^^^^^^^^^^^^^^^^^^^^^^^^^^^^^^^^^^^
  File "c:\Users\Devon\Desktop\folder\School\Aero\Orbits\MGA\Objective.py", line 38, in costFunction
    vEarthDept, vMarsArv, exitflag = LambertIzzo(muS, earthPosition, marsPosition, leg1TOF, int("1"))
                                     ~~~~~~~~~~~^^^^^^^^^^^^^^^^^^^^^^^^^^^^^^^^^^^^^^^^^^^^^^^^^^^^^
  File "c:\Users\Devon\Desktop\folder\School\Aero\Orbits\MGA\lambert.py", line 177, in LambertIzzo
    vel1, vel2, exitflag = LambertLancasterBlanchard(mu, r1vec*r1, r2vec*r1, longway*tf*T, leftbranch*m, solverTol)
                           ~~~~~~~~~~~~~~~~~~~~~~~~~^^^^^^^^^^^^^^^^^^^^^^^^^^^^^^^^^^^^^^^^^^^^^^^^^^^^^^^^^^^^^^^
  File "c:\Users\Devon\Desktop\folder\School\Aero\Orbits\MGA\lambert.py", line 269, in LambertLancasterBlanchard
    raise TypeError(f"Invalid nrev argument. Looking for type 'int'.")
TypeError: Invalid nrev argument. Looking for type 'int'.
2025-04-24 11:20:36 ERROR: Invalid nrev argument. Looking for type 'int'.
Traceback (most recent call last):
  File "C:\Users\Devon\AppData\Local\Programs\Python\Python313\Lib\site-packages\pygad\pygad.py", line 1903, in run
    self.last_generation_fitness = self.cal_pop_fitness()
                                   ~~~~~~~~~~~~~~~~~~~~^^
  File "C:\Users\Devon\AppData\Local\Programs\Python\Python313\Lib\site-packages\pygad\pygad.py", line 1860, in cal_pop_fitness
    raise ex
  File "C:\Users\Devon\AppData\Local\Programs\Python\Python313\Lib\site-packages\pygad\pygad.py", line 1697, in cal_pop_fitness
    fitness = self.fitness_func(self, sol, sol_idx)
  File "c:\Users\Devon\Desktop\folder\School\Aero\Orbits\MGA\configGA.py", line 90, in <lambda>
    fitness_function = lambda ga_instance, sol, sol_idx: costFunction(ga_instance, sol, sol_idx, muS, muM, rM, earth, mars)
                                                         ~~~~~~~~~~~~^^^^^^^^^^^^^^^^^^^^^^^^^^^^^^^^^^^^^^^^^^^^^^^^^^^^^^
  File "c:\Users\Devon\Desktop\folder\School\Aero\Orbits\MGA\Objective.py", line 38, in costFunction
    vEarthDept, vMarsArv, exitflag = LambertIzzo(muS, earthPosition, marsPosition, leg1TOF, int("1"))
                                     ~~~~~~~~~~~^^^^^^^^^^^^^^^^^^^^^^^^^^^^^^^^^^^^^^^^^^^^^^^^^^^^^
  File "c:\Users\Devon\Desktop\folder\School\Aero\Orbits\MGA\lambert.py", line 177, in LambertIzzo
    vel1, vel2, exitflag = LambertLancasterBlanchard(mu, r1vec*r1, r2vec*r1, longway*tf*T, leftbranch*m, solverTol)
                           ~~~~~~~~~~~~~~~~~~~~~~~~~^^^^^^^^^^^^^^^^^^^^^^^^^^^^^^^^^^^^^^^^^^^^^^^^^^^^^^^^^^^^^^^
  File "c:\Users\Devon\Desktop\folder\School\Aero\Orbits\MGA\lambert.py", line 269, in LambertLancasterBlanchard
    raise TypeError(f"Invalid nrev argument. Looking for type 'int'.")
TypeError: Invalid nrev argument. Looking for type 'int'.
2025-04-24 11:23:44 ERROR: Invalid nrev argument. Looking for type 'int'.
Traceback (most recent call last):
  File "C:\Users\Devon\AppData\Local\Programs\Python\Python313\Lib\site-packages\pygad\pygad.py", line 1697, in cal_pop_fitness
    fitness = self.fitness_func(self, sol, sol_idx)
  File "c:\Users\Devon\Desktop\folder\School\Aero\Orbits\MGA\configGA.py", line 90, in <lambda>
    fitness_function = lambda ga_instance, sol, sol_idx: costFunction(ga_instance, sol, sol_idx, muS, muM, rM, earth, mars)
                                                         ~~~~~~~~~~~~^^^^^^^^^^^^^^^^^^^^^^^^^^^^^^^^^^^^^^^^^^^^^^^^^^^^^^
  File "c:\Users\Devon\Desktop\folder\School\Aero\Orbits\MGA\Objective.py", line 38, in costFunction
    vEarthDept, vMarsArv, exitflag = LambertIzzo(muS, earthPosition, marsPosition, leg1TOF, int("1"))
                                     ~~~~~~~~~~~^^^^^^^^^^^^^^^^^^^^^^^^^^^^^^^^^^^^^^^^^^^^^^^^^^^^^
  File "c:\Users\Devon\Desktop\folder\School\Aero\Orbits\MGA\lambert.py", line 177, in LambertIzzo
    vel1, vel2, exitflag = LambertLancasterBlanchard(mu, r1vec*r1, r2vec*r1, longway*tf*T, leftbranch*m, solverTol)
                           ~~~~~~~~~~~~~~~~~~~~~~~~~^^^^^^^^^^^^^^^^^^^^^^^^^^^^^^^^^^^^^^^^^^^^^^^^^^^^^^^^^^^^^^^
  File "c:\Users\Devon\Desktop\folder\School\Aero\Orbits\MGA\lambert.py", line 269, in LambertLancasterBlanchard
    raise TypeError(f"Invalid nrev argument. Looking for type 'int'.")
TypeError: Invalid nrev argument. Looking for type 'int'.
2025-04-24 11:23:44 ERROR: Invalid nrev argument. Looking for type 'int'.
Traceback (most recent call last):
  File "C:\Users\Devon\AppData\Local\Programs\Python\Python313\Lib\site-packages\pygad\pygad.py", line 1903, in run
    self.last_generation_fitness = self.cal_pop_fitness()
                                   ~~~~~~~~~~~~~~~~~~~~^^
  File "C:\Users\Devon\AppData\Local\Programs\Python\Python313\Lib\site-packages\pygad\pygad.py", line 1860, in cal_pop_fitness
    raise ex
  File "C:\Users\Devon\AppData\Local\Programs\Python\Python313\Lib\site-packages\pygad\pygad.py", line 1697, in cal_pop_fitness
    fitness = self.fitness_func(self, sol, sol_idx)
  File "c:\Users\Devon\Desktop\folder\School\Aero\Orbits\MGA\configGA.py", line 90, in <lambda>
    fitness_function = lambda ga_instance, sol, sol_idx: costFunction(ga_instance, sol, sol_idx, muS, muM, rM, earth, mars)
                                                         ~~~~~~~~~~~~^^^^^^^^^^^^^^^^^^^^^^^^^^^^^^^^^^^^^^^^^^^^^^^^^^^^^^
  File "c:\Users\Devon\Desktop\folder\School\Aero\Orbits\MGA\Objective.py", line 38, in costFunction
    vEarthDept, vMarsArv, exitflag = LambertIzzo(muS, earthPosition, marsPosition, leg1TOF, int("1"))
                                     ~~~~~~~~~~~^^^^^^^^^^^^^^^^^^^^^^^^^^^^^^^^^^^^^^^^^^^^^^^^^^^^^
  File "c:\Users\Devon\Desktop\folder\School\Aero\Orbits\MGA\lambert.py", line 177, in LambertIzzo
    vel1, vel2, exitflag = LambertLancasterBlanchard(mu, r1vec*r1, r2vec*r1, longway*tf*T, leftbranch*m, solverTol)
                           ~~~~~~~~~~~~~~~~~~~~~~~~~^^^^^^^^^^^^^^^^^^^^^^^^^^^^^^^^^^^^^^^^^^^^^^^^^^^^^^^^^^^^^^^
  File "c:\Users\Devon\Desktop\folder\School\Aero\Orbits\MGA\lambert.py", line 269, in LambertLancasterBlanchard
    raise TypeError(f"Invalid nrev argument. Looking for type 'int'.")
TypeError: Invalid nrev argument. Looking for type 'int'.
2025-04-24 11:23:59 ERROR: Invalid nrev argument. Looking for type 'int'.
Traceback (most recent call last):
  File "C:\Users\Devon\AppData\Local\Programs\Python\Python313\Lib\site-packages\pygad\pygad.py", line 1697, in cal_pop_fitness
    fitness = self.fitness_func(self, sol, sol_idx)
  File "c:\Users\Devon\Desktop\folder\School\Aero\Orbits\MGA\configGA.py", line 90, in <lambda>
    fitness_function = lambda ga_instance, sol, sol_idx: costFunction(ga_instance, sol, sol_idx, muS, muM, rM, earth, mars)
                                                         ~~~~~~~~~~~~^^^^^^^^^^^^^^^^^^^^^^^^^^^^^^^^^^^^^^^^^^^^^^^^^^^^^^
  File "c:\Users\Devon\Desktop\folder\School\Aero\Orbits\MGA\Objective.py", line 38, in costFunction
    vEarthDept, vMarsArv, exitflag = LambertIzzo(muS, earthPosition, marsPosition, leg1TOF, int("1"))
                                     ~~~~~~~~~~~^^^^^^^^^^^^^^^^^^^^^^^^^^^^^^^^^^^^^^^^^^^^^^^^^^^^^
  File "c:\Users\Devon\Desktop\folder\School\Aero\Orbits\MGA\lambert.py", line 177, in LambertIzzo
    vel1, vel2, exitflag = LambertLancasterBlanchard(mu, r1vec*r1, r2vec*r1, longway*tf*T, leftbranch*m, solverTol)
                           ~~~~~~~~~~~~~~~~~~~~~~~~~^^^^^^^^^^^^^^^^^^^^^^^^^^^^^^^^^^^^^^^^^^^^^^^^^^^^^^^^^^^^^^^
  File "c:\Users\Devon\Desktop\folder\School\Aero\Orbits\MGA\lambert.py", line 269, in LambertLancasterBlanchard
    raise TypeError(f"Invalid nrev argument. Looking for type 'int'.")
TypeError: Invalid nrev argument. Looking for type 'int'.
2025-04-24 11:23:59 ERROR: Invalid nrev argument. Looking for type 'int'.
Traceback (most recent call last):
  File "C:\Users\Devon\AppData\Local\Programs\Python\Python313\Lib\site-packages\pygad\pygad.py", line 1903, in run
    self.last_generation_fitness = self.cal_pop_fitness()
                                   ~~~~~~~~~~~~~~~~~~~~^^
  File "C:\Users\Devon\AppData\Local\Programs\Python\Python313\Lib\site-packages\pygad\pygad.py", line 1860, in cal_pop_fitness
    raise ex
  File "C:\Users\Devon\AppData\Local\Programs\Python\Python313\Lib\site-packages\pygad\pygad.py", line 1697, in cal_pop_fitness
    fitness = self.fitness_func(self, sol, sol_idx)
  File "c:\Users\Devon\Desktop\folder\School\Aero\Orbits\MGA\configGA.py", line 90, in <lambda>
    fitness_function = lambda ga_instance, sol, sol_idx: costFunction(ga_instance, sol, sol_idx, muS, muM, rM, earth, mars)
                                                         ~~~~~~~~~~~~^^^^^^^^^^^^^^^^^^^^^^^^^^^^^^^^^^^^^^^^^^^^^^^^^^^^^^
  File "c:\Users\Devon\Desktop\folder\School\Aero\Orbits\MGA\Objective.py", line 38, in costFunction
    vEarthDept, vMarsArv, exitflag = LambertIzzo(muS, earthPosition, marsPosition, leg1TOF, int("1"))
                                     ~~~~~~~~~~~^^^^^^^^^^^^^^^^^^^^^^^^^^^^^^^^^^^^^^^^^^^^^^^^^^^^^
  File "c:\Users\Devon\Desktop\folder\School\Aero\Orbits\MGA\lambert.py", line 177, in LambertIzzo
    vel1, vel2, exitflag = LambertLancasterBlanchard(mu, r1vec*r1, r2vec*r1, longway*tf*T, leftbranch*m, solverTol)
                           ~~~~~~~~~~~~~~~~~~~~~~~~~^^^^^^^^^^^^^^^^^^^^^^^^^^^^^^^^^^^^^^^^^^^^^^^^^^^^^^^^^^^^^^^
  File "c:\Users\Devon\Desktop\folder\School\Aero\Orbits\MGA\lambert.py", line 269, in LambertLancasterBlanchard
    raise TypeError(f"Invalid nrev argument. Looking for type 'int'.")
TypeError: Invalid nrev argument. Looking for type 'int'.
2025-04-24 11:24:29 ERROR: Invalid nrev argument. Looking for type 'int'.
Traceback (most recent call last):
  File "C:\Users\Devon\AppData\Local\Programs\Python\Python313\Lib\site-packages\pygad\pygad.py", line 1697, in cal_pop_fitness
    fitness = self.fitness_func(self, sol, sol_idx)
  File "c:\Users\Devon\Desktop\folder\School\Aero\Orbits\MGA\configGA.py", line 90, in <lambda>
    fitness_function = lambda ga_instance, sol, sol_idx: costFunction(ga_instance, sol, sol_idx, muS, muM, rM, earth, mars)
                                                         ~~~~~~~~~~~~^^^^^^^^^^^^^^^^^^^^^^^^^^^^^^^^^^^^^^^^^^^^^^^^^^^^^^
  File "c:\Users\Devon\Desktop\folder\School\Aero\Orbits\MGA\Objective.py", line 38, in costFunction
    vEarthDept, vMarsArv, exitflag = LambertIzzo(muS, earthPosition, marsPosition, leg1TOF, int("1"))
                                     ~~~~~~~~~~~^^^^^^^^^^^^^^^^^^^^^^^^^^^^^^^^^^^^^^^^^^^^^^^^^^^^^
  File "c:\Users\Devon\Desktop\folder\School\Aero\Orbits\MGA\lambert.py", line 177, in LambertIzzo
    vel1, vel2, exitflag = LambertLancasterBlanchard(mu, r1vec*r1, r2vec*r1, longway*tf*T, leftbranch*m, solverTol)
                           ~~~~~~~~~~~~~~~~~~~~~~~~~^^^^^^^^^^^^^^^^^^^^^^^^^^^^^^^^^^^^^^^^^^^^^^^^^^^^^^^^^^^^^^^
  File "c:\Users\Devon\Desktop\folder\School\Aero\Orbits\MGA\lambert.py", line 269, in LambertLancasterBlanchard
    raise TypeError(f"Invalid nrev argument. Looking for type 'int'.")
TypeError: Invalid nrev argument. Looking for type 'int'.
2025-04-24 11:24:29 ERROR: Invalid nrev argument. Looking for type 'int'.
Traceback (most recent call last):
  File "C:\Users\Devon\AppData\Local\Programs\Python\Python313\Lib\site-packages\pygad\pygad.py", line 1903, in run
    self.last_generation_fitness = self.cal_pop_fitness()
                                   ~~~~~~~~~~~~~~~~~~~~^^
  File "C:\Users\Devon\AppData\Local\Programs\Python\Python313\Lib\site-packages\pygad\pygad.py", line 1860, in cal_pop_fitness
    raise ex
  File "C:\Users\Devon\AppData\Local\Programs\Python\Python313\Lib\site-packages\pygad\pygad.py", line 1697, in cal_pop_fitness
    fitness = self.fitness_func(self, sol, sol_idx)
  File "c:\Users\Devon\Desktop\folder\School\Aero\Orbits\MGA\configGA.py", line 90, in <lambda>
    fitness_function = lambda ga_instance, sol, sol_idx: costFunction(ga_instance, sol, sol_idx, muS, muM, rM, earth, mars)
                                                         ~~~~~~~~~~~~^^^^^^^^^^^^^^^^^^^^^^^^^^^^^^^^^^^^^^^^^^^^^^^^^^^^^^
  File "c:\Users\Devon\Desktop\folder\School\Aero\Orbits\MGA\Objective.py", line 38, in costFunction
    vEarthDept, vMarsArv, exitflag = LambertIzzo(muS, earthPosition, marsPosition, leg1TOF, int("1"))
                                     ~~~~~~~~~~~^^^^^^^^^^^^^^^^^^^^^^^^^^^^^^^^^^^^^^^^^^^^^^^^^^^^^
  File "c:\Users\Devon\Desktop\folder\School\Aero\Orbits\MGA\lambert.py", line 177, in LambertIzzo
    vel1, vel2, exitflag = LambertLancasterBlanchard(mu, r1vec*r1, r2vec*r1, longway*tf*T, leftbranch*m, solverTol)
                           ~~~~~~~~~~~~~~~~~~~~~~~~~^^^^^^^^^^^^^^^^^^^^^^^^^^^^^^^^^^^^^^^^^^^^^^^^^^^^^^^^^^^^^^^
  File "c:\Users\Devon\Desktop\folder\School\Aero\Orbits\MGA\lambert.py", line 269, in LambertLancasterBlanchard
    raise TypeError(f"Invalid nrev argument. Looking for type 'int'.")
TypeError: Invalid nrev argument. Looking for type 'int'.
2025-04-24 11:25:53 ERROR: Invalid nrev argument. Looking for type 'int'.
Traceback (most recent call last):
  File "C:\Users\Devon\AppData\Local\Programs\Python\Python313\Lib\site-packages\pygad\pygad.py", line 1697, in cal_pop_fitness
    fitness = self.fitness_func(self, sol, sol_idx)
  File "c:\Users\Devon\Desktop\folder\School\Aero\Orbits\MGA\configGA.py", line 90, in <lambda>
    fitness_function = lambda ga_instance, sol, sol_idx: costFunction(ga_instance, sol, sol_idx, muS, muM, rM, earth, mars)
                                                         ~~~~~~~~~~~~^^^^^^^^^^^^^^^^^^^^^^^^^^^^^^^^^^^^^^^^^^^^^^^^^^^^^^
  File "c:\Users\Devon\Desktop\folder\School\Aero\Orbits\MGA\Objective.py", line 38, in costFunction
    vEarthDept, vMarsArv, exitflag = LambertIzzo(muS, earthPosition, marsPosition, leg1TOF, int("1"))
                                     ~~~~~~~~~~~^^^^^^^^^^^^^^^^^^^^^^^^^^^^^^^^^^^^^^^^^^^^^^^^^^^^^
  File "c:\Users\Devon\Desktop\folder\School\Aero\Orbits\MGA\lambert.py", line 177, in LambertIzzo
    vel1, vel2, exitflag = LambertLancasterBlanchard(mu, r1vec*r1, r2vec*r1, longway*tf*T, leftbranch*m, solverTol)
                           ~~~~~~~~~~~~~~~~~~~~~~~~~^^^^^^^^^^^^^^^^^^^^^^^^^^^^^^^^^^^^^^^^^^^^^^^^^^^^^^^^^^^^^^^
  File "c:\Users\Devon\Desktop\folder\School\Aero\Orbits\MGA\lambert.py", line 269, in LambertLancasterBlanchard
    raise TypeError(f"Invalid nrev argument. Looking for type 'int'.")
TypeError: Invalid nrev argument. Looking for type 'int'.
2025-04-24 11:25:53 ERROR: Invalid nrev argument. Looking for type 'int'.
Traceback (most recent call last):
  File "C:\Users\Devon\AppData\Local\Programs\Python\Python313\Lib\site-packages\pygad\pygad.py", line 1903, in run
    self.last_generation_fitness = self.cal_pop_fitness()
                                   ~~~~~~~~~~~~~~~~~~~~^^
  File "C:\Users\Devon\AppData\Local\Programs\Python\Python313\Lib\site-packages\pygad\pygad.py", line 1860, in cal_pop_fitness
    raise ex
  File "C:\Users\Devon\AppData\Local\Programs\Python\Python313\Lib\site-packages\pygad\pygad.py", line 1697, in cal_pop_fitness
    fitness = self.fitness_func(self, sol, sol_idx)
  File "c:\Users\Devon\Desktop\folder\School\Aero\Orbits\MGA\configGA.py", line 90, in <lambda>
    fitness_function = lambda ga_instance, sol, sol_idx: costFunction(ga_instance, sol, sol_idx, muS, muM, rM, earth, mars)
                                                         ~~~~~~~~~~~~^^^^^^^^^^^^^^^^^^^^^^^^^^^^^^^^^^^^^^^^^^^^^^^^^^^^^^
  File "c:\Users\Devon\Desktop\folder\School\Aero\Orbits\MGA\Objective.py", line 38, in costFunction
    vEarthDept, vMarsArv, exitflag = LambertIzzo(muS, earthPosition, marsPosition, leg1TOF, int("1"))
                                     ~~~~~~~~~~~^^^^^^^^^^^^^^^^^^^^^^^^^^^^^^^^^^^^^^^^^^^^^^^^^^^^^
  File "c:\Users\Devon\Desktop\folder\School\Aero\Orbits\MGA\lambert.py", line 177, in LambertIzzo
    vel1, vel2, exitflag = LambertLancasterBlanchard(mu, r1vec*r1, r2vec*r1, longway*tf*T, leftbranch*m, solverTol)
                           ~~~~~~~~~~~~~~~~~~~~~~~~~^^^^^^^^^^^^^^^^^^^^^^^^^^^^^^^^^^^^^^^^^^^^^^^^^^^^^^^^^^^^^^^
  File "c:\Users\Devon\Desktop\folder\School\Aero\Orbits\MGA\lambert.py", line 269, in LambertLancasterBlanchard
    raise TypeError(f"Invalid nrev argument. Looking for type 'int'.")
TypeError: Invalid nrev argument. Looking for type 'int'.
2025-04-28 20:22:35 ERROR: The truth value of an array with more than one element is ambiguous. Use a.any() or a.all()
Traceback (most recent call last):
  File "C:\Users\Devon\AppData\Local\Programs\Python\Python313\Lib\site-packages\pygad\pygad.py", line 1940, in run
    self.run_mutation()
    ~~~~~~~~~~~~~~~~~^^
  File "C:\Users\Devon\AppData\Local\Programs\Python\Python313\Lib\site-packages\pygad\pygad.py", line 2273, in run_mutation
    self.last_generation_offspring_mutation = self.mutation(self.last_generation_offspring_crossover,
                                              ~~~~~~~~~~~~~^^^^^^^^^^^^^^^^^^^^^^^^^^^^^^^^^^^^^^^^^^
                                                            self)
                                                            ^^^^^
  File "c:\Users\Devon\Desktop\folder\School\Aero\Orbits\MGA\configGA.py", line 51, in custom_mutation
    mutation_amplitude = max(offspring[gene_idx] * 0.1, range_width * 0.05)
ValueError: The truth value of an array with more than one element is ambiguous. Use a.any() or a.all()
2025-04-28 20:27:35 ERROR: Invalid nrev argument. Looking for type 'int'.
Traceback (most recent call last):
  File "C:\Users\Devon\AppData\Local\Programs\Python\Python313\Lib\site-packages\pygad\pygad.py", line 1697, in cal_pop_fitness
    fitness = self.fitness_func(self, sol, sol_idx)
  File "c:\Users\Devon\Desktop\folder\School\Aero\Orbits\MGA\configGA.py", line 90, in <lambda>
    fitness_function = lambda ga_instance, sol, sol_idx: costFunction(ga_instance, sol, sol_idx, muS, muM, rM, earth, mars)
                                                         ~~~~~~~~~~~~^^^^^^^^^^^^^^^^^^^^^^^^^^^^^^^^^^^^^^^^^^^^^^^^^^^^^^
  File "c:\Users\Devon\Desktop\folder\School\Aero\Orbits\MGA\Objective.py", line 38, in costFunction
    vEarthDept, vMarsArv, exitflag = LambertIzzo(muS, earthPosition, marsPosition, leg1TOF, int("1"))
                                     ~~~~~~~~~~~^^^^^^^^^^^^^^^^^^^^^^^^^^^^^^^^^^^^^^^^^^^^^^^^^^^^^
  File "c:\Users\Devon\Desktop\folder\School\Aero\Orbits\MGA\lambert.py", line 177, in LambertIzzo
    vel1, vel2, exitflag = LambertLancasterBlanchard(mu, r1vec*r1, r2vec*r1, longway*tf*T, leftbranch*m, solverTol)
                           ~~~~~~~~~~~~~~~~~~~~~~~~~^^^^^^^^^^^^^^^^^^^^^^^^^^^^^^^^^^^^^^^^^^^^^^^^^^^^^^^^^^^^^^^
  File "c:\Users\Devon\Desktop\folder\School\Aero\Orbits\MGA\lambert.py", line 269, in LambertLancasterBlanchard
    raise TypeError(f"Invalid nrev argument. Looking for type 'int'.")
TypeError: Invalid nrev argument. Looking for type 'int'.
2025-04-28 20:27:35 ERROR: Invalid nrev argument. Looking for type 'int'.
Traceback (most recent call last):
  File "C:\Users\Devon\AppData\Local\Programs\Python\Python313\Lib\site-packages\pygad\pygad.py", line 1903, in run
    self.last_generation_fitness = self.cal_pop_fitness()
                                   ~~~~~~~~~~~~~~~~~~~~^^
  File "C:\Users\Devon\AppData\Local\Programs\Python\Python313\Lib\site-packages\pygad\pygad.py", line 1860, in cal_pop_fitness
    raise ex
  File "C:\Users\Devon\AppData\Local\Programs\Python\Python313\Lib\site-packages\pygad\pygad.py", line 1697, in cal_pop_fitness
    fitness = self.fitness_func(self, sol, sol_idx)
  File "c:\Users\Devon\Desktop\folder\School\Aero\Orbits\MGA\configGA.py", line 90, in <lambda>
    fitness_function = lambda ga_instance, sol, sol_idx: costFunction(ga_instance, sol, sol_idx, muS, muM, rM, earth, mars)
                                                         ~~~~~~~~~~~~^^^^^^^^^^^^^^^^^^^^^^^^^^^^^^^^^^^^^^^^^^^^^^^^^^^^^^
  File "c:\Users\Devon\Desktop\folder\School\Aero\Orbits\MGA\Objective.py", line 38, in costFunction
    vEarthDept, vMarsArv, exitflag = LambertIzzo(muS, earthPosition, marsPosition, leg1TOF, int("1"))
                                     ~~~~~~~~~~~^^^^^^^^^^^^^^^^^^^^^^^^^^^^^^^^^^^^^^^^^^^^^^^^^^^^^
  File "c:\Users\Devon\Desktop\folder\School\Aero\Orbits\MGA\lambert.py", line 177, in LambertIzzo
    vel1, vel2, exitflag = LambertLancasterBlanchard(mu, r1vec*r1, r2vec*r1, longway*tf*T, leftbranch*m, solverTol)
                           ~~~~~~~~~~~~~~~~~~~~~~~~~^^^^^^^^^^^^^^^^^^^^^^^^^^^^^^^^^^^^^^^^^^^^^^^^^^^^^^^^^^^^^^^
  File "c:\Users\Devon\Desktop\folder\School\Aero\Orbits\MGA\lambert.py", line 269, in LambertLancasterBlanchard
    raise TypeError(f"Invalid nrev argument. Looking for type 'int'.")
TypeError: Invalid nrev argument. Looking for type 'int'.
2025-05-08 14:33:39 ERROR: index 0 is out of bounds for axis 0 with size 0
Traceback (most recent call last):
  File "C:\Users\Devon\AppData\Local\Programs\Python\Python313\Lib\site-packages\pygad\pygad.py", line 2364, in best_solution
    best_match_idx = numpy.where(
                     ~~~~~~~~~~~~
        pop_fitness == numpy.max(pop_fitness))[0][0]
        ~~~~~~~~~~~~~~~~~~~~~~~~~~~~~~~~~~~~~~~~~^^^
IndexError: index 0 is out of bounds for axis 0 with size 0
2025-05-08 14:33:39 ERROR: index 0 is out of bounds for axis 0 with size 0
Traceback (most recent call last):
  File "C:\Users\Devon\AppData\Local\Programs\Python\Python313\Lib\site-packages\pygad\pygad.py", line 1954, in run
    best_solution, best_solution_fitness, best_match_idx = self.best_solution(
                                                           ~~~~~~~~~~~~~~~~~~^
        pop_fitness=self.last_generation_fitness)
        ^^^^^^^^^^^^^^^^^^^^^^^^^^^^^^^^^^^^^^^^^
  File "C:\Users\Devon\AppData\Local\Programs\Python\Python313\Lib\site-packages\pygad\pygad.py", line 2372, in best_solution
    raise ex
  File "C:\Users\Devon\AppData\Local\Programs\Python\Python313\Lib\site-packages\pygad\pygad.py", line 2364, in best_solution
    best_match_idx = numpy.where(
                     ~~~~~~~~~~~~
        pop_fitness == numpy.max(pop_fitness))[0][0]
        ~~~~~~~~~~~~~~~~~~~~~~~~~~~~~~~~~~~~~~~~~^^^
IndexError: index 0 is out of bounds for axis 0 with size 0
2025-05-08 14:36:46 ERROR: The function assigned to the on_fitness parameter must accept 2 parameters representing the instance of the genetic algorithm and the fitness values of all solutions.
The passed function named 'on_fitness' accepts 3 parameter(s).
Traceback (most recent call last):
  File "C:\Users\Devon\AppData\Local\Programs\Python\Python313\Lib\site-packages\pygad\pygad.py", line 1005, in __init__
    raise ValueError(f"The function assigned to the on_fitness parameter must accept 2 parameters representing the instance of the genetic algorithm and the fitness values of all solutions.\nThe passed function named '{on_fitness.__code__.co_name}' accepts {on_fitness.__code__.co_argcount} parameter(s).")
ValueError: The function assigned to the on_fitness parameter must accept 2 parameters representing the instance of the genetic algorithm and the fitness values of all solutions.
The passed function named 'on_fitness' accepts 3 parameter(s).
2025-05-08 14:36:58 ERROR: The function assigned to the on_fitness parameter must accept 2 parameters representing the instance of the genetic algorithm and the fitness values of all solutions.
The passed function named 'on_fitness' accepts 3 parameter(s).
Traceback (most recent call last):
  File "C:\Users\Devon\AppData\Local\Programs\Python\Python313\Lib\site-packages\pygad\pygad.py", line 1005, in __init__
    raise ValueError(f"The function assigned to the on_fitness parameter must accept 2 parameters representing the instance of the genetic algorithm and the fitness values of all solutions.\nThe passed function named '{on_fitness.__code__.co_name}' accepts {on_fitness.__code__.co_argcount} parameter(s).")
ValueError: The function assigned to the on_fitness parameter must accept 2 parameters representing the instance of the genetic algorithm and the fitness values of all solutions.
The passed function named 'on_fitness' accepts 3 parameter(s).
2025-05-08 14:38:46 ERROR: index 0 is out of bounds for axis 0 with size 0
Traceback (most recent call last):
  File "C:\Users\Devon\AppData\Local\Programs\Python\Python313\Lib\site-packages\pygad\pygad.py", line 2364, in best_solution
    best_match_idx = numpy.where(
                     ~~~~~~~~~~~~
        pop_fitness == numpy.max(pop_fitness))[0][0]
        ~~~~~~~~~~~~~~~~~~~~~~~~~~~~~~~~~~~~~~~~~^^^
IndexError: index 0 is out of bounds for axis 0 with size 0
2025-05-08 14:38:46 ERROR: index 0 is out of bounds for axis 0 with size 0
Traceback (most recent call last):
  File "C:\Users\Devon\AppData\Local\Programs\Python\Python313\Lib\site-packages\pygad\pygad.py", line 1954, in run
    best_solution, best_solution_fitness, best_match_idx = self.best_solution(
                                                           ~~~~~~~~~~~~~~~~~~^
        pop_fitness=self.last_generation_fitness)
        ^^^^^^^^^^^^^^^^^^^^^^^^^^^^^^^^^^^^^^^^^
  File "C:\Users\Devon\AppData\Local\Programs\Python\Python313\Lib\site-packages\pygad\pygad.py", line 2372, in best_solution
    raise ex
  File "C:\Users\Devon\AppData\Local\Programs\Python\Python313\Lib\site-packages\pygad\pygad.py", line 2364, in best_solution
    best_match_idx = numpy.where(
                     ~~~~~~~~~~~~
        pop_fitness == numpy.max(pop_fitness))[0][0]
        ~~~~~~~~~~~~~~~~~~~~~~~~~~~~~~~~~~~~~~~~~^^^
IndexError: index 0 is out of bounds for axis 0 with size 0
